#
# A fatal error has been detected by the Java Runtime Environment:
#
#  SIGSEGV (0xb) at pc=0x00007fe7692c08be, pid=2695, tid=140631659554560
#
# JRE version: 7.0_25-b15
# Java VM: Java HotSpot(TM) 64-Bit Server VM (23.25-b01 mixed mode linux-amd64 compressed oops)
# Problematic frame:
# V  [libjvm.so+0x5ce8be]  JNIHandles::checked_resolve_jmethod_id(_jmethodID*)+0xe
#
# Failed to write core dump. Core dumps have been disabled. To enable core dumping, try "ulimit -c unlimited" before starting Java again
#
# If you would like to submit a bug report, please visit:
#   http://bugreport.sun.com/bugreport/crash.jsp
#

---------------  T H R E A D  ---------------

Current thread (0x00007fe7640f5000):  JavaThread "JDWP Transport Listener: dt_socket" daemon [_thread_in_vm, id=2711, stack(0x00007fe75c0ca000,0x00007fe75c1cb000)]

siginfo:si_signo=SIGSEGV: si_errno=0, si_code=1 (SEGV_MAPERR), si_addr=0x0000000000000050

Registers:
RAX=0x0000000000000001, RBX=0x00007fe7640053c0, RCX=0x00007fe76a4042c0, RDX=0x00007fe7699e6220
RSP=0x00007fe75c1c9980, RBP=0x00007fe75c1c9990, RSI=0x00007fe7640f5000, RDI=0x0000000000000050
R8 =0x0000000000000056, R9 =0x0000000000000000, R10=0x0000000049636973, R11=0x456d657400000000
R12=0x0000000000000017, R13=0x0000000000000050, R14=0x00007fe7640f5000, R15=0x00007fe75c1c9a97
RIP=0x00007fe7692c08be, EFLAGS=0x0000000000010206, CSGSFS=0x0000000000000033, ERR=0x0000000000000004
  TRAPNO=0x000000000000000e

Top of Stack: (sp=0x00007fe75c1c9980)
0x00007fe75c1c9980:   0000000000000074 00007fe7640053c0
0x00007fe75c1c9990:   00007fe75c1c9a00 00007fe7692b26ee
0x00007fe75c1c99a0:   00007fe73c003b20 00007fe75c1c99b0
0x00007fe75c1c99b0:   00007fe7640f5000 0000000000000000
0x00007fe75c1c99c0:   00007fe700000000 0000000000000000
0x00007fe75c1c99d0:   00007fe75c1c9b00 00007fe7683b4e40
0x00007fe75c1c99e0:   0000000000000050 00007fe75c1c9a97
0x00007fe75c1c99f0:   0000000000000008 00007fe75c1c9a97
0x00007fe75c1c9a00:   00007fe75c1c9a30 00007fe7681a02f2
0x00007fe75c1c9a10:   00007fe75c1c9a30 0000000000000050
0x00007fe75c1c9a20:   00007fe75c1c9b00 0000000000000040
0x00007fe75c1c9a30:   00007fe75c1c9ac0 00007fe768181980
0x00007fe75c1c9a40:   00007fe75c1c9a78 00007fe75c1c9a70
0x00007fe75c1c9a50:   00007fe75c1c9a68 00007fe75c1c9a8c
0x00007fe75c1c9a60:   000000013c0030e0 0000000000000000
0x00007fe75c1c9a70:   0000000000000000 0000000000000000
0x00007fe75c1c9a80:   00007fe73c006640 000000015c1c9b00
0x00007fe75c1c9a90:   0000000000000009 0000000000000002
0x00007fe75c1c9aa0:   000000000000000f 0000000000000002
0x00007fe75c1c9ab0:   00000000000f0200 000000000000000f
0x00007fe75c1c9ac0:   00007fe75c1c9d10 00007fe76818c806
0x00007fe75c1c9ad0:   0000014e00000013 00007fe7690f0200
0x00007fe75c1c9ae0:   00007fe738000ba0 00007fe7683b4e40
0x00007fe75c1c9af0:   00007fe75c1c9b00 00007fe75c1c9c90
0x00007fe75c1c9b00:   00007fe73c009d9b 00007fe70000021d
0x00007fe75c1c9b10:   00007fe73c009fc0 00007fe70000012c
0x00007fe75c1c9b20:   00007fe75c1c9b50 00007fe73c009fc0
0x00007fe75c1c9b30:   00007f0000000000 0000014e0000001c
0x00007fe75c1c9b40:   0000000000000080 00007fe75c1c9b50
0x00007fe75c1c9b50:   e77f000009000000 15000000f05c003c
0x00007fe75c1c9b60:   4365726f74736572 6465747265766e6f
0x00007fe75c1c9b70:   00000073656c6946 0000000056292803 

Instructions: (pc=0x00007fe7692c08be)
0x00007fe7692c089e:   00 00 4c 89 f7 e8 88 70 1f 00 e9 4f ff ff ff 90
0x00007fe7692c08ae:   90 90 55 48 89 e5 53 48 83 ec 08 48 85 ff 74 3c
0x00007fe7692c08be:   48 8b 1f 48 85 db 74 34 48 b8 fe fe fe fe fe fe
0x00007fe7692c08ce:   fe fe 48 39 c3 74 25 48 8b 05 fc ec 6e 00 80 38 

Register to memory mapping:

RAX=0x0000000000000001 is an unknown value
RBX=0x00007fe7640053c0 is an unknown value
RCX=0x00007fe76a4042c0: <offset 0x2182c0> in /lib/x86_64-linux-gnu/libpthread.so.0 at 0x00007fe76a1ec000
RDX=0x00007fe7699e6220: <offset 0xcf4220> in /usr/lib/jvm/jdk1.7.0/jre/lib/amd64/server/libjvm.so at 0x00007fe768cf2000
RSP=0x00007fe75c1c9980 is pointing into the stack for thread: 0x00007fe7640f5000
RBP=0x00007fe75c1c9990 is pointing into the stack for thread: 0x00007fe7640f5000
RSI=0x00007fe7640f5000 is a thread
RDI=0x0000000000000050 is an unknown value
R8 =0x0000000000000056 is an unknown value
R9 =0x0000000000000000 is an unknown value
R10=0x0000000049636973 is an unknown value
R11=0x456d657400000000 is an unknown value
R12=0x0000000000000017 is an unknown value
R13=0x0000000000000050 is an unknown value
R14=0x00007fe7640f5000 is a thread
R15=0x00007fe75c1c9a97 is pointing into the stack for thread: 0x00007fe7640f5000


Stack: [0x00007fe75c0ca000,0x00007fe75c1cb000],  sp=0x00007fe75c1c9980,  free space=1022k
Native frames: (J=compiled Java code, j=interpreted, Vv=VM code, C=native code)
V  [libjvm.so+0x5ce8be]  JNIHandles::checked_resolve_jmethod_id(_jmethodID*)+0xe
V  [libjvm.so+0x5c06ee]  jvmti_IsMethodSynthetic+0x22e
C  [libjdwp.so+0x252f2]  isMethodSynthetic+0x42
C  [libjdwp.so+0x6980]  methods1+0x1b0
C  [libjdwp.so+0x11806]  debugLoop_run+0x2b6
C  [libjdwp.so+0x2422f]  attachThread+0x2f
V  [libjvm.so+0x623217]  JvmtiAgentThread::call_start_function()+0x97
V  [libjvm.so+0x861bc8]  JavaThread::thread_main_inner()+0xc8
V  [libjvm.so+0x861d18]  JavaThread::run()+0x138
V  [libjvm.so+0x744270]  java_start(Thread*)+0x100


---------------  P R O C E S S  ---------------

Java Threads: ( => current thread )
  0x00007fe7642a9000 JavaThread "MongoCleaner1878724878" daemon [_thread_blocked, id=2724, stack(0x00007fe746fc5000,0x00007fe7470c6000)]
  0x00007fe764157000 JavaThread "ReaderThread" [_thread_in_native, id=2721, stack(0x00007fe7474df000,0x00007fe7475e0000)]
  0x00007fe764100000 JavaThread "Service Thread" daemon [_thread_blocked, id=2719, stack(0x00007fe7478f7000,0x00007fe7479f8000)]
  0x00007fe7640fd800 JavaThread "C2 CompilerThread1" daemon [_thread_blocked, id=2718, stack(0x00007fe7479f8000,0x00007fe747af9000)]
  0x00007fe7640fa800 JavaThread "C2 CompilerThread0" daemon [_thread_blocked, id=2717, stack(0x00007fe747af9000,0x00007fe747bfa000)]
  0x00007fe73c001000 JavaThread "JDWP Command Reader" daemon [_thread_in_native, id=2713, stack(0x00007fe747bfa000,0x00007fe747cfb000)]
  0x00007fe7640f8800 JavaThread "JDWP Event Helper Thread" daemon [_thread_blocked, id=2712, stack(0x00007fe747cfb000,0x00007fe747dfc000)]
=>0x00007fe7640f5000 JavaThread "JDWP Transport Listener: dt_socket" daemon [_thread_in_vm, id=2711, stack(0x00007fe75c0ca000,0x00007fe75c1cb000)]
  0x00007fe7640e7800 JavaThread "Signal Dispatcher" daemon [_thread_blocked, id=2708, stack(0x00007fe75c1cb000,0x00007fe75c2cc000)]
  0x00007fe76409a800 JavaThread "Finalizer" daemon [_thread_blocked, id=2707, stack(0x00007fe75c2cc000,0x00007fe75c3cd000)]
  0x00007fe764098800 JavaThread "Reference Handler" daemon [_thread_blocked, id=2706, stack(0x00007fe75c3cd000,0x00007fe75c4ce000)]
  0x00007fe76400b800 JavaThread "main" [_thread_blocked, id=2697, stack(0x00007fe76a513000,0x00007fe76a614000)]

Other Threads:
  0x00007fe764090800 VMThread [stack: 0x00007fe75c4ce000,0x00007fe75c5cf000] [id=2705]
  0x00007fe76410a800 WatcherThread [stack: 0x00007fe7477f6000,0x00007fe7478f7000] [id=2720]

VM state:not at safepoint (normal execution)

VM Mutex/Monitor currently owned by a thread: None

Heap
 PSYoungGen      total 17280K, used 10465K [0x00000000ecb60000, 0x00000000edea0000, 0x0000000100000000)
  eden space 14848K, 70% used [0x00000000ecb60000,0x00000000ed5986b8,0x00000000ed9e0000)
  from space 2432K, 0% used [0x00000000edc40000,0x00000000edc40000,0x00000000edea0000)
  to   space 2432K, 0% used [0x00000000ed9e0000,0x00000000ed9e0000,0x00000000edc40000)
 ParOldGen       total 39488K, used 0K [0x00000000c6200000, 0x00000000c8890000, 0x00000000ecb60000)
  object space 39488K, 0% used [0x00000000c6200000,0x00000000c6200000,0x00000000c8890000)
 PSPermGen       total 21248K, used 7809K [0x00000000c1000000, 0x00000000c24c0000, 0x00000000c6200000)
  object space 21248K, 36% used [0x00000000c1000000,0x00000000c17a0490,0x00000000c24c0000)

Card table byte_map: [0x00007fe75faca000,0x00007fe75fcc3000] byte_map_base: 0x00007fe75f4c2000

Polling page: 0x00007fe76a628000

Code Cache  [0x00007fe75fcc3000, 0x00007fe75ff33000, 0x00007fe762cc3000)
 total_blobs=286 nmethods=22 adapters=225 free_code_cache=48684Kb largest_free_block=49838208

Compilation events (10 events):
Event: 1.270 Thread 0x00007fe7640fa800   17             java.util.Properties$LineReader::readLine (452 bytes)
Event: 1.289 Thread 0x00007fe7640fa800 nmethod 17 0x00007fe75fd32490 code [0x00007fe75fd32640, 0x00007fe75fd32f48]
Event: 1.566 Thread 0x00007fe7640fd800   18             java.lang.CharacterData::of (120 bytes)
Event: 1.567 Thread 0x00007fe7640fa800   19             java.lang.CharacterDataLatin1::getProperties (11 bytes)
Event: 1.568 Thread 0x00007fe7640fa800 nmethod 19 0x00007fe75fd38310 code [0x00007fe75fd38440, 0x00007fe75fd384d8]
Event: 1.569 Thread 0x00007fe7640fd800 nmethod 18 0x00007fe75fd37fd0 code [0x00007fe75fd38120, 0x00007fe75fd38218]
Event: 1.569 Thread 0x00007fe7640fa800   20             java.lang.String::equals (81 bytes)
Event: 1.581 Thread 0x00007fe7640fa800 nmethod 20 0x00007fe75fd375d0 code [0x00007fe75fd37720, 0x00007fe75fd37a38]
Event: 1.588 Thread 0x00007fe7640fd800   21             java.lang.AbstractStringBuilder::ensureCapacityInternal (16 bytes)
Event: 1.592 Thread 0x00007fe7640fd800 nmethod 21 0x00007fe75fd36e90 code [0x00007fe75fd36fe0, 0x00007fe75fd37238]

GC Heap History (0 events):
No events

Deoptimization events (1 events):
Event: 1.427 Thread 0x00007fe76400b800 Uncommon trap -12 fr.pc 0x00007fe75fd29fbc

Internal exceptions (10 events):
Event: 1.700 Thread 0x00007fe76400b800 Threw 0x00000000ed449ed8 at /HUDSON/workspace/jdk7u25-2-build-linux-amd64-product/jdk7u25/hotspot/src/share/vm/prims/jvm.cpp:1235
Event: 1.701 Thread 0x00007fe76400b800 Threw 0x00000000ed44fb98 at /HUDSON/workspace/jdk7u25-2-build-linux-amd64-product/jdk7u25/hotspot/src/share/vm/prims/jvm.cpp:1235
Event: 1.892 Thread 0x00007fe76400b800 Threw 0x00000000ed4592a8 at /HUDSON/workspace/jdk7u25-2-build-linux-amd64-product/jdk7u25/hotspot/src/share/vm/prims/jvm.cpp:1235
Event: 1.910 Thread 0x00007fe76400b800 Threw 0x00000000ed45eb60 at /HUDSON/workspace/jdk7u25-2-build-linux-amd64-product/jdk7u25/hotspot/src/share/vm/prims/jvm.cpp:1235
Event: 1.986 Thread 0x00007fe76400b800 Threw 0x00000000ed46c970 at /HUDSON/workspace/jdk7u25-2-build-linux-amd64-product/jdk7u25/hotspot/src/share/vm/prims/jvm.cpp:1235
Event: 25.973 Thread 0x00007fe76400b800 Threw 0x00000000ed490b80 at /HUDSON/workspace/jdk7u25-2-build-linux-amd64-product/jdk7u25/hotspot/src/share/vm/prims/jvm.cpp:1235
Event: 25.973 Thread 0x00007fe76400b800 Threw 0x00000000ed495050 at /HUDSON/workspace/jdk7u25-2-build-linux-amd64-product/jdk7u25/hotspot/src/share/vm/prims/jvm.cpp:1235
Event: 25.975 Thread 0x00007fe76400b800 Threw 0x00000000ed4a0818 at /HUDSON/workspace/jdk7u25-2-build-linux-amd64-product/jdk7u25/hotspot/src/share/vm/prims/jvm.cpp:1235
Event: 25.976 Thread 0x00007fe76400b800 Threw 0x00000000ed4a4d30 at /HUDSON/workspace/jdk7u25-2-build-linux-amd64-product/jdk7u25/hotspot/src/share/vm/prims/jvm.cpp:1235
Event: 25.988 Thread 0x00007fe76400b800 Threw 0x00000000ed4b9088 at /HUDSON/workspace/jdk7u25-2-build-linux-amd64-product/jdk7u25/hotspot/src/share/vm/prims/jvm.cpp:1235

Events (10 events):
Event: 29.247 Executing VM operation: GetOrSetLocal done
Event: 29.249 Executing VM operation: GetOrSetLocal
Event: 29.249 Executing VM operation: GetOrSetLocal done
Event: 29.251 Executing VM operation: GetOrSetLocal
Event: 29.251 Executing VM operation: GetOrSetLocal done
Event: 29.254 Executing VM operation: GetOrSetLocal
Event: 29.254 Executing VM operation: GetOrSetLocal done
Event: 85.918 Thread 0x00007fe7642c6000 Thread exited: 0x00007fe7642c6000
Event: 292.284 Executing VM operation: RedefineClasses
Event: 292.285 Executing VM operation: RedefineClasses done


Dynamic libraries:
00400000-00401000 r-xp 00000000 08:06 132442                             /usr/lib/jvm/jdk1.7.0/jre/bin/java
00600000-00601000 rw-p 00000000 08:06 132442                             /usr/lib/jvm/jdk1.7.0/jre/bin/java
01c6c000-01c8d000 rw-p 00000000 00:00 0                                  [heap]
c1000000-c24c0000 rw-p 00000000 00:00 0 
c24c0000-c6200000 rw-p 00000000 00:00 0 
c6200000-c8890000 rw-p 00000000 00:00 0 
c8890000-ecb60000 rw-p 00000000 00:00 0 
ecb60000-edea0000 rw-p 00000000 00:00 0 
edea0000-100000000 rw-p 00000000 00:00 0 
7fe71c000000-7fe71c021000 rw-p 00000000 00:00 0 
7fe71c021000-7fe720000000 ---p 00000000 00:00 0 
7fe724000000-7fe724021000 rw-p 00000000 00:00 0 
7fe724021000-7fe728000000 ---p 00000000 00:00 0 
7fe728000000-7fe728021000 rw-p 00000000 00:00 0 
7fe728021000-7fe72c000000 ---p 00000000 00:00 0 
7fe72c000000-7fe72c240000 rw-p 00000000 00:00 0 
7fe72c240000-7fe730000000 ---p 00000000 00:00 0 
7fe730000000-7fe7300c6000 rw-p 00000000 00:00 0 
7fe7300c6000-7fe734000000 ---p 00000000 00:00 0 
7fe734000000-7fe734021000 rw-p 00000000 00:00 0 
7fe734021000-7fe738000000 ---p 00000000 00:00 0 
7fe738000000-7fe738021000 rw-p 00000000 00:00 0 
7fe738021000-7fe73c000000 ---p 00000000 00:00 0 
7fe73c000000-7fe73c021000 rw-p 00000000 00:00 0 
7fe73c021000-7fe740000000 ---p 00000000 00:00 0 
7fe740000000-7fe740021000 rw-p 00000000 00:00 0 
7fe740021000-7fe744000000 ---p 00000000 00:00 0 
7fe746dcd000-7fe746fc5000 rw-p 00000000 00:00 0 
7fe746fc5000-7fe746fc8000 ---p 00000000 00:00 0 
7fe746fc8000-7fe7470c6000 rw-p 00000000 00:00 0                          [stack:2724]
7fe7470c6000-7fe7470ce000 r-xp 00000000 08:06 132372                     /usr/lib/jvm/jdk1.7.0/jre/lib/amd64/libmanagement.so
7fe7470ce000-7fe7472cd000 ---p 00008000 08:06 132372                     /usr/lib/jvm/jdk1.7.0/jre/lib/amd64/libmanagement.so
7fe7472cd000-7fe7472ce000 rw-p 00007000 08:06 132372                     /usr/lib/jvm/jdk1.7.0/jre/lib/amd64/libmanagement.so
7fe7472ce000-7fe7472de000 r-xp 00000000 08:06 132420                     /usr/lib/jvm/jdk1.7.0/jre/lib/amd64/libnio.so
7fe7472de000-7fe7474de000 ---p 00010000 08:06 132420                     /usr/lib/jvm/jdk1.7.0/jre/lib/amd64/libnio.so
7fe7474de000-7fe7474df000 rw-p 00010000 08:06 132420                     /usr/lib/jvm/jdk1.7.0/jre/lib/amd64/libnio.so
7fe7474df000-7fe7474e2000 ---p 00000000 00:00 0 
7fe7474e2000-7fe7475e0000 rw-p 00000000 00:00 0                          [stack:2721]
7fe7475e0000-7fe7475f5000 r-xp 00000000 08:06 132370                     /usr/lib/jvm/jdk1.7.0/jre/lib/amd64/libnet.so
7fe7475f5000-7fe7477f5000 ---p 00015000 08:06 132370                     /usr/lib/jvm/jdk1.7.0/jre/lib/amd64/libnet.so
7fe7477f5000-7fe7477f6000 rw-p 00015000 08:06 132370                     /usr/lib/jvm/jdk1.7.0/jre/lib/amd64/libnet.so
7fe7477f6000-7fe7477f7000 ---p 00000000 00:00 0 
7fe7477f7000-7fe7478f7000 rw-p 00000000 00:00 0                          [stack:2720]
7fe7478f7000-7fe7478fa000 ---p 00000000 00:00 0 
7fe7478fa000-7fe7479f8000 rw-p 00000000 00:00 0                          [stack:2719]
7fe7479f8000-7fe7479fb000 ---p 00000000 00:00 0 
7fe7479fb000-7fe747af9000 rw-p 00000000 00:00 0                          [stack:2718]
7fe747af9000-7fe747afc000 ---p 00000000 00:00 0 
7fe747afc000-7fe747bfa000 rw-p 00000000 00:00 0                          [stack:2717]
7fe747bfa000-7fe747bfd000 ---p 00000000 00:00 0 
7fe747bfd000-7fe747cfb000 rw-p 00000000 00:00 0                          [stack:2713]
7fe747cfb000-7fe747cfe000 ---p 00000000 00:00 0 
7fe747cfe000-7fe747dfc000 rw-p 00000000 00:00 0                          [stack:2712]
7fe747dfc000-7fe747e00000 r-xp 00000000 08:06 132383                     /usr/lib/jvm/jdk1.7.0/jre/lib/amd64/libdt_socket.so
7fe747e00000-7fe747fff000 ---p 00004000 08:06 132383                     /usr/lib/jvm/jdk1.7.0/jre/lib/amd64/libdt_socket.so
7fe747fff000-7fe748000000 rw-p 00003000 08:06 132383                     /usr/lib/jvm/jdk1.7.0/jre/lib/amd64/libdt_socket.so
7fe748000000-7fe748021000 rw-p 00000000 00:00 0 
7fe748021000-7fe74c000000 ---p 00000000 00:00 0 
7fe74c000000-7fe74c021000 rw-p 00000000 00:00 0 
7fe74c021000-7fe750000000 ---p 00000000 00:00 0 
7fe750000000-7fe750021000 rw-p 00000000 00:00 0 
7fe750021000-7fe754000000 ---p 00000000 00:00 0 
7fe754000000-7fe754021000 rw-p 00000000 00:00 0 
7fe754021000-7fe758000000 ---p 00000000 00:00 0 
7fe758000000-7fe758021000 rw-p 00000000 00:00 0 
7fe758021000-7fe75c000000 ---p 00000000 00:00 0 
7fe75c071000-7fe75c074000 ---p 00000000 00:00 0 
7fe75c074000-7fe75c0ca000 rw-p 00000000 00:00 0 
7fe75c0ca000-7fe75c0cd000 ---p 00000000 00:00 0 
7fe75c0cd000-7fe75c1cb000 rw-p 00000000 00:00 0                          [stack:2711]
7fe75c1cb000-7fe75c1ce000 ---p 00000000 00:00 0 
7fe75c1ce000-7fe75c2cc000 rw-p 00000000 00:00 0                          [stack:2708]
7fe75c2cc000-7fe75c2cf000 ---p 00000000 00:00 0 
7fe75c2cf000-7fe75c3cd000 rw-p 00000000 00:00 0                          [stack:2707]
7fe75c3cd000-7fe75c3d0000 ---p 00000000 00:00 0 
7fe75c3d0000-7fe75c4ce000 rw-p 00000000 00:00 0                          [stack:2706]
7fe75c4ce000-7fe75c4cf000 ---p 00000000 00:00 0 
7fe75c4cf000-7fe75cfab000 rw-p 00000000 00:00 0                          [stack:2705]
7fe75cfab000-7fe75d168000 r--s 039f9000 08:06 132046                     /usr/lib/jvm/jdk1.7.0/jre/lib/rt.jar
7fe75d168000-7fe75f8c8000 rw-p 00000000 00:00 0 
7fe75f8c8000-7fe75f8c9000 ---p 00000000 00:00 0 
7fe75f8c9000-7fe75f9c9000 rw-p 00000000 00:00 0                          [stack:2703]
7fe75f9c9000-7fe75f9ca000 ---p 00000000 00:00 0 
7fe75f9ca000-7fe75fad5000 rw-p 00000000 00:00 0                          [stack:2702]
7fe75fad5000-7fe75faf3000 rw-p 00000000 00:00 0 
7fe75faf3000-7fe75fb07000 rw-p 00000000 00:00 0 
7fe75fb07000-7fe75fc27000 rw-p 00000000 00:00 0 
7fe75fc27000-7fe75fc32000 rw-p 00000000 00:00 0 
7fe75fc32000-7fe75fcc2000 rw-p 00000000 00:00 0 
7fe75fcc2000-7fe75fcc3000 rw-p 00000000 00:00 0 
7fe75fcc3000-7fe75ff33000 rwxp 00000000 00:00 0 
7fe75ff33000-7fe762cc3000 rw-p 00000000 00:00 0 
7fe762cc3000-7fe762cde000 r-xp 00000000 08:06 132395                     /usr/lib/jvm/jdk1.7.0/jre/lib/amd64/libzip.so
7fe762cde000-7fe762edd000 ---p 0001b000 08:06 132395                     /usr/lib/jvm/jdk1.7.0/jre/lib/amd64/libzip.so
7fe762edd000-7fe762ede000 rw-p 0001a000 08:06 132395                     /usr/lib/jvm/jdk1.7.0/jre/lib/amd64/libzip.so
7fe762ede000-7fe762eea000 r-xp 00000000 08:06 268208                     /lib/x86_64-linux-gnu/libnss_files-2.15.so
7fe762eea000-7fe7630e9000 ---p 0000c000 08:06 268208                     /lib/x86_64-linux-gnu/libnss_files-2.15.so
7fe7630e9000-7fe7630ea000 r--p 0000b000 08:06 268208                     /lib/x86_64-linux-gnu/libnss_files-2.15.so
7fe7630ea000-7fe7630eb000 rw-p 0000c000 08:06 268208                     /lib/x86_64-linux-gnu/libnss_files-2.15.so
7fe7630eb000-7fe7630f5000 r-xp 00000000 08:06 268212                     /lib/x86_64-linux-gnu/libnss_nis-2.15.so
7fe7630f5000-7fe7632f5000 ---p 0000a000 08:06 268212                     /lib/x86_64-linux-gnu/libnss_nis-2.15.so
7fe7632f5000-7fe7632f6000 r--p 0000a000 08:06 268212                     /lib/x86_64-linux-gnu/libnss_nis-2.15.so
7fe7632f6000-7fe7632f7000 rw-p 0000b000 08:06 268212                     /lib/x86_64-linux-gnu/libnss_nis-2.15.so
7fe7632f7000-7fe76330e000 r-xp 00000000 08:06 268202                     /lib/x86_64-linux-gnu/libnsl-2.15.so
7fe76330e000-7fe76350d000 ---p 00017000 08:06 268202                     /lib/x86_64-linux-gnu/libnsl-2.15.so
7fe76350d000-7fe76350e000 r--p 00016000 08:06 268202                     /lib/x86_64-linux-gnu/libnsl-2.15.so
7fe76350e000-7fe76350f000 rw-p 00017000 08:06 268202                     /lib/x86_64-linux-gnu/libnsl-2.15.so
7fe76350f000-7fe763511000 rw-p 00000000 00:00 0 
7fe763511000-7fe763519000 r-xp 00000000 08:06 268204                     /lib/x86_64-linux-gnu/libnss_compat-2.15.so
7fe763519000-7fe763718000 ---p 00008000 08:06 268204                     /lib/x86_64-linux-gnu/libnss_compat-2.15.so
7fe763718000-7fe763719000 r--p 00007000 08:06 268204                     /lib/x86_64-linux-gnu/libnss_compat-2.15.so
7fe763719000-7fe76371a000 rw-p 00008000 08:06 268204                     /lib/x86_64-linux-gnu/libnss_compat-2.15.so
7fe76371a000-7fe763dfd000 r--p 00000000 08:06 528351                     /usr/lib/locale/locale-archive
7fe763dfd000-7fe763e00000 r-xp 00000000 08:06 132402                     /usr/lib/jvm/jdk1.7.0/jre/lib/amd64/libnpt.so
7fe763e00000-7fe763fff000 ---p 00003000 08:06 132402                     /usr/lib/jvm/jdk1.7.0/jre/lib/amd64/libnpt.so
7fe763fff000-7fe764000000 rw-p 00002000 08:06 132402                     /usr/lib/jvm/jdk1.7.0/jre/lib/amd64/libnpt.so
7fe764000000-7fe7642d7000 rw-p 00000000 00:00 0 
7fe7642d7000-7fe768000000 ---p 00000000 00:00 0 
7fe76800f000-7fe768011000 rw-p 00000000 00:00 0 
7fe768011000-7fe768015000 r--s 0002a000 08:06 132528                     /home/sebschlicht/.m2/repository/commons-io/commons-io/2.4/commons-io-2.4.jar
7fe768015000-7fe76801d000 r--s 0005f000 08:06 1088586                    /home/sebschlicht/.m2/repository/org/mongodb/mongo-java-driver/2.11.2/mongo-java-driver-2.11.2.jar
7fe76801d000-7fe768028000 rw-p 00000000 00:00 0 
7fe768028000-7fe768046000 rw-p 00000000 00:00 0 
7fe768046000-7fe76805a000 rw-p 00000000 00:00 0 
7fe76805a000-7fe76817b000 rw-p 00000000 00:00 0 
7fe76817b000-7fe7681b4000 r-xp 00000000 08:06 132381                     /usr/lib/jvm/jdk1.7.0/jre/lib/amd64/libjdwp.so
7fe7681b4000-7fe7683b3000 ---p 00039000 08:06 132381                     /usr/lib/jvm/jdk1.7.0/jre/lib/amd64/libjdwp.so
7fe7683b3000-7fe7683b5000 rw-p 00038000 08:06 132381                     /usr/lib/jvm/jdk1.7.0/jre/lib/amd64/libjdwp.so
7fe7683b5000-7fe7683de000 r-xp 00000000 08:06 132386                     /usr/lib/jvm/jdk1.7.0/jre/lib/amd64/libjava.so
7fe7683de000-7fe7685de000 ---p 00029000 08:06 132386                     /usr/lib/jvm/jdk1.7.0/jre/lib/amd64/libjava.so
7fe7685de000-7fe7685e0000 rw-p 00029000 08:06 132386                     /usr/lib/jvm/jdk1.7.0/jre/lib/amd64/libjava.so
7fe7685e0000-7fe7685ed000 r-xp 00000000 08:06 132375                     /usr/lib/jvm/jdk1.7.0/jre/lib/amd64/libverify.so
7fe7685ed000-7fe7687ec000 ---p 0000d000 08:06 132375                     /usr/lib/jvm/jdk1.7.0/jre/lib/amd64/libverify.so
7fe7687ec000-7fe7687ee000 rw-p 0000c000 08:06 132375                     /usr/lib/jvm/jdk1.7.0/jre/lib/amd64/libverify.so
7fe7687ee000-7fe7687f5000 r-xp 00000000 08:06 268243                     /lib/x86_64-linux-gnu/librt-2.15.so
7fe7687f5000-7fe7689f4000 ---p 00007000 08:06 268243                     /lib/x86_64-linux-gnu/librt-2.15.so
7fe7689f4000-7fe7689f5000 r--p 00006000 08:06 268243                     /lib/x86_64-linux-gnu/librt-2.15.so
7fe7689f5000-7fe7689f6000 rw-p 00007000 08:06 268243                     /lib/x86_64-linux-gnu/librt-2.15.so
7fe7689f6000-7fe768af1000 r-xp 00000000 08:06 268189                     /lib/x86_64-linux-gnu/libm-2.15.so
7fe768af1000-7fe768cf0000 ---p 000fb000 08:06 268189                     /lib/x86_64-linux-gnu/libm-2.15.so
7fe768cf0000-7fe768cf1000 r--p 000fa000 08:06 268189                     /lib/x86_64-linux-gnu/libm-2.15.so
7fe768cf1000-7fe768cf2000 rw-p 000fb000 08:06 268189                     /lib/x86_64-linux-gnu/libm-2.15.so
7fe768cf2000-7fe769733000 r-xp 00000000 08:06 132393                     /usr/lib/jvm/jdk1.7.0/jre/lib/amd64/server/libjvm.so
7fe769733000-7fe769933000 ---p 00a41000 08:06 132393                     /usr/lib/jvm/jdk1.7.0/jre/lib/amd64/server/libjvm.so
7fe769933000-7fe7699d6000 rw-p 00a41000 08:06 132393                     /usr/lib/jvm/jdk1.7.0/jre/lib/amd64/server/libjvm.so
7fe7699d6000-7fe769a12000 rw-p 00000000 00:00 0 
7fe769a12000-7fe769bc7000 r-xp 00000000 08:06 268157                     /lib/x86_64-linux-gnu/libc-2.15.so
7fe769bc7000-7fe769dc6000 ---p 001b5000 08:06 268157                     /lib/x86_64-linux-gnu/libc-2.15.so
7fe769dc6000-7fe769dca000 r--p 001b4000 08:06 268157                     /lib/x86_64-linux-gnu/libc-2.15.so
7fe769dca000-7fe769dcc000 rw-p 001b8000 08:06 268157                     /lib/x86_64-linux-gnu/libc-2.15.so
7fe769dcc000-7fe769dd1000 rw-p 00000000 00:00 0 
7fe769dd1000-7fe769dd3000 r-xp 00000000 08:06 268170                     /lib/x86_64-linux-gnu/libdl-2.15.so
7fe769dd3000-7fe769fd3000 ---p 00002000 08:06 268170                     /lib/x86_64-linux-gnu/libdl-2.15.so
7fe769fd3000-7fe769fd4000 r--p 00002000 08:06 268170                     /lib/x86_64-linux-gnu/libdl-2.15.so
7fe769fd4000-7fe769fd5000 rw-p 00003000 08:06 268170                     /lib/x86_64-linux-gnu/libdl-2.15.so
7fe769fd5000-7fe769feb000 r-xp 00000000 08:06 132415                     /usr/lib/jvm/jdk1.7.0/jre/lib/amd64/jli/libjli.so
7fe769feb000-7fe76a1eb000 ---p 00016000 08:06 132415                     /usr/lib/jvm/jdk1.7.0/jre/lib/amd64/jli/libjli.so
7fe76a1eb000-7fe76a1ec000 rw-p 00016000 08:06 132415                     /usr/lib/jvm/jdk1.7.0/jre/lib/amd64/jli/libjli.so
7fe76a1ec000-7fe76a204000 r-xp 00000000 08:06 268237                     /lib/x86_64-linux-gnu/libpthread-2.15.so
7fe76a204000-7fe76a403000 ---p 00018000 08:06 268237                     /lib/x86_64-linux-gnu/libpthread-2.15.so
7fe76a403000-7fe76a404000 r--p 00017000 08:06 268237                     /lib/x86_64-linux-gnu/libpthread-2.15.so
7fe76a404000-7fe76a405000 rw-p 00018000 08:06 268237                     /lib/x86_64-linux-gnu/libpthread-2.15.so
7fe76a405000-7fe76a409000 rw-p 00000000 00:00 0 
7fe76a409000-7fe76a42b000 r-xp 00000000 08:06 268137                     /lib/x86_64-linux-gnu/ld-2.15.so
7fe76a42b000-7fe76a45d000 rw-p 00000000 00:00 0 
7fe76a45d000-7fe76a513000 rw-p 00000000 00:00 0 
7fe76a513000-7fe76a516000 ---p 00000000 00:00 0 
7fe76a516000-7fe76a618000 rw-p 00000000 00:00 0                          [stack:2697]
7fe76a618000-7fe76a619000 r--s 00003000 08:06 134674                     /home/sebschlicht/.m2/repository/com/googlecode/json-simple/json-simple/1.1/json-simple-1.1.jar
7fe76a619000-7fe76a61f000 r--s 0002b000 08:06 1188985                    /home/sebschlicht/.m2/repository/junit/junit/4.5/junit-4.5.jar
7fe76a61f000-7fe76a627000 rw-s 00000000 08:06 136193                     /tmp/hsperfdata_sebschlicht/2695
7fe76a627000-7fe76a628000 rw-p 00000000 00:00 0 
7fe76a628000-7fe76a629000 r--p 00000000 00:00 0 
7fe76a629000-7fe76a62b000 rw-p 00000000 00:00 0 
7fe76a62b000-7fe76a62c000 r--p 00022000 08:06 268137                     /lib/x86_64-linux-gnu/ld-2.15.so
7fe76a62c000-7fe76a62e000 rw-p 00023000 08:06 268137                     /lib/x86_64-linux-gnu/ld-2.15.so
7fff1c672000-7fff1c693000 rw-p 00000000 00:00 0                          [stack]
7fff1c76b000-7fff1c76d000 r-xp 00000000 00:00 0                          [vdso]
ffffffffff600000-ffffffffff601000 r-xp 00000000 00:00 0                  [vsyscall]

VM Arguments:
jvm_args: -agentlib:jdwp=transport=dt_socket,suspend=y,address=localhost:38959 -Dfile.encoding=UTF-8 
java_command: org.eclipse.jdt.internal.junit.runner.RemoteTestRunner -version 3 -port 42632 -testLoaderClass org.eclipse.jdt.internal.junit4.runner.JUnit4TestLoader -loaderpluginname org.eclipse.jdt.junit4.runtime -classNames de.metalcon.musicStorageServer.MusicStorageServerTest
Launcher Type: SUN_STANDARD

Environment Variables:
JAVA_HOME=/usr/lib/jvm/jdk1.7.0
PATH=/usr/lib/lightdm/lightdm:/usr/lib/jvm/jdk1.7.0/bin:/usr/local/apache-maven/apache-maven-3.1.0/bin:/usr/lib/jvm/jdk1.7.0/bin:/usr/local/apache-maven/apache-maven-3.1.0/bin:/usr/local/sbin:/usr/local/bin:/usr/sbin:/usr/bin:/sbin:/bin:/usr/games
SHELL=/bin/bash
DISPLAY=:0

Signal Handlers:
SIGSEGV: [libjvm.so+0x8a26a0], sa_mask[0]=0x7ffbfeff, sa_flags=0x10000004
SIGBUS: [libjvm.so+0x8a26a0], sa_mask[0]=0x7ffbfeff, sa_flags=0x10000004
SIGFPE: [libjvm.so+0x73f3d0], sa_mask[0]=0x7ffbfeff, sa_flags=0x10000004
SIGPIPE: [libjvm.so+0x73f3d0], sa_mask[0]=0x7ffbfeff, sa_flags=0x10000004
SIGXFSZ: [libjvm.so+0x73f3d0], sa_mask[0]=0x7ffbfeff, sa_flags=0x10000004
SIGILL: [libjvm.so+0x73f3d0], sa_mask[0]=0x7ffbfeff, sa_flags=0x10000004
SIGUSR1: SIG_DFL, sa_mask[0]=0x00000000, sa_flags=0x00000000
SIGUSR2: [libjvm.so+0x73ed20], sa_mask[0]=0x00000004, sa_flags=0x10000004
SIGHUP: [libjvm.so+0x7410b0], sa_mask[0]=0x7ffbfeff, sa_flags=0x10000004
SIGINT: [libjvm.so+0x7410b0], sa_mask[0]=0x7ffbfeff, sa_flags=0x10000004
SIGTERM: [libjvm.so+0x7410b0], sa_mask[0]=0x7ffbfeff, sa_flags=0x10000004
SIGQUIT: [libjvm.so+0x7410b0], sa_mask[0]=0x7ffbfeff, sa_flags=0x10000004


---------------  S Y S T E M  ---------------

OS:wheezy/sid

uname:Linux 3.8.0-30-generic #44~precise1-Ubuntu SMP Fri Aug 23 18:32:41 UTC 2013 x86_64
libc:glibc 2.15 NPTL 2.15 
rlimit: STACK 8192k, CORE 0k, NPROC 28919, NOFILE 4096, AS infinity
load average:0.87 0.79 0.66

/proc/meminfo:
MemTotal:        3786568 kB
MemFree:         1296072 kB
Buffers:           35204 kB
Cached:           720520 kB
SwapCached:            0 kB
Active:          1346468 kB
Inactive:         684772 kB
Active(anon):    1200532 kB
Inactive(anon):    77452 kB
Active(file):     145936 kB
Inactive(file):   607320 kB
Unevictable:           0 kB
Mlocked:               0 kB
SwapTotal:       5998588 kB
SwapFree:        5998588 kB
Dirty:               244 kB
Writeback:             0 kB
AnonPages:       1275656 kB
Mapped:           176828 kB
Shmem:              2392 kB
Slab:              59700 kB
SReclaimable:      34684 kB
SUnreclaim:        25016 kB
KernelStack:        3824 kB
PageTables:        29360 kB
NFS_Unstable:          0 kB
Bounce:                0 kB
WritebackTmp:          0 kB
CommitLimit:     7891872 kB
Committed_AS:    3842096 kB
VmallocTotal:   34359738367 kB
VmallocUsed:       49312 kB
VmallocChunk:   34359682004 kB
HardwareCorrupted:     0 kB
AnonHugePages:         0 kB
HugePages_Total:       0
HugePages_Free:        0
HugePages_Rsvd:        0
HugePages_Surp:        0
Hugepagesize:       2048 kB
DirectMap4k:       50176 kB
DirectMap2M:     1783808 kB
DirectMap1G:     2097152 kB


CPU:total 2 (2 cores per cpu, 1 threads per core) family 16 model 6 stepping 3, cmov, cx8, fxsr, mmx, sse, sse2, sse3, popcnt, mmxext, 3dnowpref, lzcnt, tsc, tscinvbit, tscinv

/proc/cpuinfo:
processor	: 0
vendor_id	: AuthenticAMD
cpu family	: 16
model		: 6
model name	: AMD Athlon(tm) II P360 Dual-Core Processor
stepping	: 3
microcode	: 0x10000c8
cpu MHz		: 2300.000
cache size	: 512 KB
physical id	: 0
siblings	: 2
core id		: 0
cpu cores	: 2
apicid		: 0
initial apicid	: 0
fpu		: yes
fpu_exception	: yes
cpuid level	: 5
wp		: yes
flags		: fpu vme de pse tsc msr pae mce cx8 apic sep mtrr pge mca cmov pat pse36 clflush mmx fxsr sse sse2 ht syscall nx mmxext fxsr_opt pdpe1gb rdtscp lm 3dnowext 3dnow constant_tsc rep_good nopl nonstop_tsc extd_apicid pni monitor cx16 popcnt lahf_lm cmp_legacy svm extapic cr8_legacy abm sse4a 3dnowprefetch osvw ibs skinit wdt nodeid_msr hw_pstate npt lbrv svm_lock nrip_save
bogomips	: 4588.58
TLB size	: 1024 4K pages
clflush size	: 64
cache_alignment	: 64
address sizes	: 48 bits physical, 48 bits virtual
power management: ts ttp tm stc 100mhzsteps hwpstate

processor	: 1
vendor_id	: AuthenticAMD
cpu family	: 16
model		: 6
model name	: AMD Athlon(tm) II P360 Dual-Core Processor
stepping	: 3
microcode	: 0x10000c8
cpu MHz		: 2300.000
cache size	: 512 KB
physical id	: 0
siblings	: 2
core id		: 1
cpu cores	: 2
apicid		: 1
initial apicid	: 1
fpu		: yes
fpu_exception	: yes
cpuid level	: 5
wp		: yes
flags		: fpu vme de pse tsc msr pae mce cx8 apic sep mtrr pge mca cmov pat pse36 clflush mmx fxsr sse sse2 ht syscall nx mmxext fxsr_opt pdpe1gb rdtscp lm 3dnowext 3dnow constant_tsc rep_good nopl nonstop_tsc extd_apicid pni monitor cx16 popcnt lahf_lm cmp_legacy svm extapic cr8_legacy abm sse4a 3dnowprefetch osvw ibs skinit wdt nodeid_msr hw_pstate npt lbrv svm_lock nrip_save
bogomips	: 4588.58
TLB size	: 1024 4K pages
clflush size	: 64
cache_alignment	: 64
address sizes	: 48 bits physical, 48 bits virtual
power management: ts ttp tm stc 100mhzsteps hwpstate



Memory: 4k page, physical 3786568k(1296072k free), swap 5998588k(5998588k free)

vm_info: Java HotSpot(TM) 64-Bit Server VM (23.25-b01) for linux-amd64 JRE (1.7.0_25-b15), built on Jun  5 2013 20:48:36 by "java_re" with gcc 4.3.0 20080428 (Red Hat 4.3.0-8)

time: Thu Sep 19 14:19:49 2013
elapsed time: 292 seconds

